***************************************
2019-07-18 15:00:01
INFORMATION
管理员1004登入系统
***************************************
***************************************
2019-07-18 20:36:48
INFORMATION
学生1001登入系统
***************************************
***************************************
2019-07-18 20:49:12
INFORMATION
学生1001登入系统
***************************************
***************************************
2019-07-18 21:05:15
INFORMATION
学生1001登入系统
***************************************
***************************************
2019-07-18 21:09:51
INFORMATION
学生1001登入系统
***************************************
***************************************
2019-07-18 21:10:01
INFORMATION
学生1001登入系统
***************************************
***************************************
2019-07-18 21:10:32
INFORMATION
学生1001登入系统
***************************************
***************************************
2019-07-18 21:12:46
INFORMATION
学生1001登入系统
***************************************
***************************************
2019-07-18 21:13:37
INFORMATION
学生1001登入系统
***************************************
***************************************
2019-07-18 21:32:42
INFORMATION
学生1001登入系统
***************************************
***************************************
2019-07-18 21:50:02
INFORMATION
学生1001登入系统
***************************************
***************************************
2019-07-18 21:51:12
INFORMATION
学生1001登入系统
***************************************
***************************************
2019-07-18 21:52:59
INFORMATION
学生1001登入系统
***************************************
***************************************
2019-07-18 21:53:18
INFORMATION
学生1001登入系统
***************************************
***************************************
2019-07-18 21:55:27
INFORMATION
学生1001登入系统
***************************************
***************************************
2019-07-18 21:58:18
INFORMATION
学生1001登入系统
***************************************
***************************************
2019-07-18 21:58:59
INFORMATION
学生1001登入系统
***************************************
***************************************
2019-07-18 22:02:08
INFORMATION
学生1001登入系统
***************************************
***************************************
2019-07-18 22:02:44
INFORMATION
学生1001登入系统
***************************************
***************************************
2019-07-18 22:03:21
INFORMATION
学生1001登入系统
***************************************
***************************************
2019-07-18 22:03:54
INFORMATION
学生1001登入系统
***************************************
***************************************
2019-07-18 22:04:50
INFORMATION
学生1001登入系统
***************************************
***************************************
2019-07-18 22:05:59
INFORMATION
学生1001登入系统
***************************************
***************************************
2019-07-18 22:06:39
INFORMATION
学生1001登入系统
***************************************
***************************************
2019-07-18 22:07:32
INFORMATION
学生1001登入系统
***************************************
***************************************
2019-07-18 22:21:26
INFORMATION
学生1001登入系统
***************************************
***************************************
2019-07-18 22:31:48
INFORMATION
学生1001登入系统
***************************************
***************************************
2019-07-18 22:35:52
INFORMATION
学生1001登入系统
***************************************
***************************************
2019-07-18 22:36:55
INFORMATION
学生1001登入系统
***************************************
***************************************
2019-07-18 22:42:03
INFORMATION
学生1001登入系统
***************************************
***************************************
2019-07-18 22:42:25
INFORMATION
用户1001修改密码
***************************************
***************************************
2019-07-18 22:42:33
INFORMATION
用户1001修改密码
***************************************
***************************************
2019-07-18 23:02:45
INFORMATION
教师10031登入系统
***************************************
***************************************
2019-07-18 23:51:02
INFORMATION
教师10031登入系统
***************************************
***************************************
2019-07-19 00:48:20
INFORMATION
教师10031登入系统
***************************************
***************************************
2019-07-19 00:50:26
INFORMATION
教师10031登入系统
***************************************
***************************************
2019-07-19 00:50:36
INFORMATION
教师10031删除课程0001
***************************************
***************************************
2019-07-19 00:55:36
INFORMATION
教师10031登入系统
***************************************
***************************************
2019-07-19 00:55:46
INFORMATION
教师10031增加课程0001
***************************************
***************************************
2019-07-19 00:56:47
INFORMATION
教师10031增加课程0003
***************************************
***************************************
2019-07-19 01:00:05
INFORMATION
教师10031登入系统
***************************************
***************************************
2019-07-19 01:00:11
INFORMATION
教师10031增加课程0001
***************************************
***************************************
2019-07-19 01:00:17
INFORMATION
教师10031增加课程0003
***************************************
***************************************
2019-07-19 01:00:24
INFORMATION
教师10031删除课程0003
***************************************
***************************************
2019-07-19 01:10:01
INFORMATION
教师10031登入系统
***************************************
***************************************
2019-07-19 01:40:09
INFORMATION
教师10031登入系统
***************************************
***************************************
2019-07-19 01:44:05
INFORMATION
教师10031登入系统
***************************************
***************************************
2019-07-19 01:47:23
INFORMATION
教师10031登入系统
***************************************
***************************************
2019-07-19 02:01:11
INFORMATION
教师10031登入系统
***************************************
***************************************
2019-07-19 02:02:46
INFORMATION
教师10031登入系统
***************************************
***************************************
2019-07-19 02:06:51
INFORMATION
教师10031登入系统
***************************************
***************************************
2019-07-19 08:43:28
INFORMATION
教师10031登入系统
***************************************
***************************************
2019-07-19 08:45:57
INFORMATION
教师10031将学生20171001的0001号课程成绩设置为80
***************************************
***************************************
2019-07-19 08:46:15
INFORMATION
教师10031将学生20171001的0001号课程成绩设置为90
***************************************
***************************************
2019-07-19 08:58:44
INFORMATION
教师10031登入系统
***************************************
***************************************
2019-07-19 08:59:06
INFORMATION
教师10031将学生20171001的0001号课程成绩删除
***************************************
***************************************
2019-07-19 09:01:15
INFORMATION
教师10031登入系统
***************************************
***************************************
2019-07-19 09:01:39
INFORMATION
教师10031将学生20171001的0001号课程成绩设置为90
***************************************
***************************************
2019-07-19 09:01:55
INFORMATION
教师10031将学生20171001的0001号课程成绩删除
***************************************
***************************************
2019-07-19 09:02:14
INFORMATION
教师10031将学生20171001的0001号课程成绩删除
***************************************
***************************************
2019-07-19 09:03:32
INFORMATION
教师10031登入系统
***************************************
***************************************
2019-07-19 09:03:48
INFORMATION
教师10031将学生20171001的0001号课程成绩删除
***************************************
***************************************
2019-07-19 09:04:04
INFORMATION
教师10031将学生20171001的0001号课程成绩设置为90
***************************************
***************************************
2019-07-19 09:14:59
INFORMATION
教师10031登入系统
***************************************
***************************************
2019-07-19 09:15:12
INFORMATION
教师10031将学生20171001的0001号课程成绩删除
***************************************
***************************************
2019-07-19 09:15:23
INFORMATION
教师10031将学生20171001的0001号课程成绩设置为90
***************************************
***************************************
2019-07-19 09:21:35
INFORMATION
教师10031登入系统
***************************************
***************************************
2019-07-19 09:50:54
INFORMATION
管理员10036登入系统
***************************************
***************************************
2019-07-19 10:18:08
INFORMATION
管理员修改学生1001的姓名为Tim
***************************************
***************************************
2019-07-19 10:19:51
INFORMATION
管理员修改学生1001的姓名为Tom
***************************************
***************************************
2019-07-19 10:48:05
INFORMATION
管理员10036登入系统
***************************************
